2024-09-02 15:56:29,095 [INFO] com.alena.happysweets.HappySweetsApplication [restartedMain] Starting HappySweetsApplication using Java 22.0.1 with PID 14760 (C:\Users\Alena\Desktop\HappySweets\target\classes started by Alena in C:\Users\Alena\Desktop\HappySweets)
2024-09-02 15:56:29,097 [INFO] com.alena.happysweets.HappySweetsApplication [restartedMain] No active profile set, falling back to 1 default profile: "default"
2024-09-02 15:56:29,152 [INFO] org.springframework.boot.devtools.env.DevToolsPropertyDefaultsPostProcessor [restartedMain] Devtools property defaults active! Set 'spring.devtools.add-properties' to 'false' to disable
2024-09-02 15:56:29,152 [INFO] org.springframework.boot.devtools.env.DevToolsPropertyDefaultsPostProcessor [restartedMain] For additional web related logging consider setting the 'logging.level.web' property to 'DEBUG'
2024-09-02 15:56:29,807 [INFO] org.springframework.data.repository.config.RepositoryConfigurationDelegate [restartedMain] Bootstrapping Spring Data JPA repositories in DEFAULT mode.
2024-09-02 15:56:29,856 [INFO] org.springframework.data.repository.config.RepositoryConfigurationDelegate [restartedMain] Finished Spring Data repository scanning in 43 ms. Found 4 JPA repository interfaces.
2024-09-02 15:56:30,577 [INFO] org.springframework.boot.web.embedded.tomcat.TomcatWebServer [restartedMain] Tomcat initialized with port 8080 (http)
2024-09-02 15:56:30,590 [INFO] org.apache.catalina.core.StandardService [restartedMain] Starting service [Tomcat]
2024-09-02 15:56:30,590 [INFO] org.apache.catalina.core.StandardEngine [restartedMain] Starting Servlet engine: [Apache Tomcat/10.1.26]
2024-09-02 15:56:30,642 [INFO] org.apache.catalina.core.ContainerBase.[Tomcat].[localhost].[/] [restartedMain] Initializing Spring embedded WebApplicationContext
2024-09-02 15:56:30,643 [INFO] org.springframework.boot.web.servlet.context.ServletWebServerApplicationContext [restartedMain] Root WebApplicationContext: initialization completed in 1491 ms
2024-09-02 15:56:30,787 [INFO] org.hibernate.jpa.internal.util.LogHelper [restartedMain] HHH000204: Processing PersistenceUnitInfo [name: default]
2024-09-02 15:56:30,861 [INFO] org.hibernate.Version [restartedMain] HHH000412: Hibernate ORM core version 6.5.2.Final
2024-09-02 15:56:30,905 [INFO] org.hibernate.cache.internal.RegionFactoryInitiator [restartedMain] HHH000026: Second-level cache disabled
2024-09-02 15:56:31,246 [INFO] org.springframework.orm.jpa.persistenceunit.SpringPersistenceUnitInfo [restartedMain] No LoadTimeWeaver setup: ignoring JPA class transformer
2024-09-02 15:56:31,272 [INFO] com.zaxxer.hikari.HikariDataSource [restartedMain] HikariPool-1 - Starting...
2024-09-02 15:56:31,599 [INFO] com.zaxxer.hikari.pool.HikariPool [restartedMain] HikariPool-1 - Added connection com.mysql.cj.jdbc.ConnectionImpl@6f2d68cf
2024-09-02 15:56:31,601 [INFO] com.zaxxer.hikari.HikariDataSource [restartedMain] HikariPool-1 - Start completed.
2024-09-02 15:56:32,633 [INFO] org.hibernate.engine.transaction.jta.platform.internal.JtaPlatformInitiator [restartedMain] HHH000489: No JTA platform available (set 'hibernate.transaction.jta.platform' to enable JTA platform integration)
2024-09-02 15:56:32,717 [INFO] org.springframework.orm.jpa.LocalContainerEntityManagerFactoryBean [restartedMain] Initialized JPA EntityManagerFactory for persistence unit 'default'
2024-09-02 15:56:33,092 [WARN] org.springframework.boot.autoconfigure.orm.jpa.JpaBaseConfiguration$JpaWebConfiguration [restartedMain] spring.jpa.open-in-view is enabled by default. Therefore, database queries may be performed during view rendering. Explicitly configure spring.jpa.open-in-view to disable this warning
2024-09-02 15:56:33,109 [INFO] org.springframework.security.config.annotation.authentication.configuration.InitializeUserDetailsBeanManagerConfigurer$InitializeUserDetailsManagerConfigurer [restartedMain] Global AuthenticationManager configured with UserDetailsService bean with name userDetailService
2024-09-02 15:56:33,166 [INFO] org.springframework.boot.autoconfigure.web.servlet.WelcomePageHandlerMapping [restartedMain] Adding welcome page template: index
2024-09-02 15:56:33,562 [INFO] org.springframework.boot.devtools.autoconfigure.OptionalLiveReloadServer [restartedMain] LiveReload server is running on port 35729
2024-09-02 15:56:33,593 [INFO] org.springframework.boot.web.embedded.tomcat.TomcatWebServer [restartedMain] Tomcat started on port 8080 (http) with context path '/'
2024-09-02 15:56:33,601 [INFO] com.alena.happysweets.HappySweetsApplication [restartedMain] Started HappySweetsApplication in 4.913 seconds (process running for 5.542)
2024-09-02 15:56:36,431 [INFO] org.apache.catalina.core.ContainerBase.[Tomcat].[localhost].[/] [http-nio-8080-exec-1] Initializing Spring DispatcherServlet 'dispatcherServlet'
2024-09-02 15:56:36,431 [INFO] org.springframework.web.servlet.DispatcherServlet [http-nio-8080-exec-1] Initializing Servlet 'dispatcherServlet'
2024-09-02 15:56:36,432 [INFO] org.springframework.web.servlet.DispatcherServlet [http-nio-8080-exec-1] Completed initialization in 1 ms
2024-09-02 15:56:40,771 [INFO] com.alena.happysweets.controller.HomeController [http-nio-8080-exec-9] product is shown by id
2024-09-02 15:56:47,299 [INFO] com.alena.happysweets.controller.CartController [http-nio-8080-exec-5] product has been added to cart
2024-09-02 15:56:48,490 [INFO] com.alena.happysweets.controller.HomeController [http-nio-8080-exec-1] product is shown by id
2024-09-02 15:56:49,274 [INFO] com.alena.happysweets.controller.CartController [http-nio-8080-exec-6] product has been added to cart
2024-09-02 15:56:50,171 [INFO] com.alena.happysweets.controller.HomeController [http-nio-8080-exec-5] product is shown by id
2024-09-02 15:56:50,926 [INFO] com.alena.happysweets.controller.CartController [http-nio-8080-exec-3] product has been added to cart
2024-09-02 15:57:27,964 [INFO] com.alena.happysweets.controller.AdminController [http-nio-8080-exec-5] All the categories had been pulled from the database
